0 info it worked if it ends with ok
1 verbose cli [ '/home/ubuntu/.nvm/v0.10.33/bin/node',
1 verbose cli   '/home/ubuntu/.nvm/v0.10.33/bin/npm',
1 verbose cli   'install',
1 verbose cli   'angularui',
1 verbose cli   '--save-dev' ]
2 info using npm@1.4.28
3 info using node@v0.10.33
4 warn package.json ChumpChangeChowChamber@0.0.1 No README data
5 verbose readDependencies using package.json deps
6 verbose cache add [ 'angularui', null ]
7 verbose cache add name=undefined spec="angularui" args=["angularui",null]
8 verbose parsed url { protocol: null,
8 verbose parsed url   slashes: null,
8 verbose parsed url   auth: null,
8 verbose parsed url   host: null,
8 verbose parsed url   port: null,
8 verbose parsed url   hostname: null,
8 verbose parsed url   hash: null,
8 verbose parsed url   search: null,
8 verbose parsed url   query: null,
8 verbose parsed url   pathname: 'angularui',
8 verbose parsed url   path: 'angularui',
8 verbose parsed url   href: 'angularui' }
9 silly lockFile fa25a47b-angularui angularui
10 verbose lock angularui /home/ubuntu/.npm/fa25a47b-angularui.lock
11 silly lockFile fa25a47b-angularui angularui
12 silly lockFile fa25a47b-angularui angularui
13 verbose addNamed [ 'angularui', '' ]
14 verbose addNamed [ null, '*' ]
15 silly lockFile 6a4fdd63-angularui angularui@
16 verbose lock angularui@ /home/ubuntu/.npm/6a4fdd63-angularui.lock
17 silly addNameRange { name: 'angularui', range: '*', hasData: false }
18 verbose request where is /angularui
19 verbose request registry https://registry.npmjs.org/
20 verbose request id 1b31631aabe9f9da
21 verbose url raw /angularui
22 verbose url resolving [ 'https://registry.npmjs.org/', './angularui' ]
23 verbose url resolved https://registry.npmjs.org/angularui
24 verbose request where is https://registry.npmjs.org/angularui
25 info trying registry request attempt 1 at 08:47:00
26 http GET https://registry.npmjs.org/angularui
27 http 404 https://registry.npmjs.org/angularui
28 verbose headers { date: 'Wed, 03 Dec 2014 08:47:00 GMT',
28 verbose headers   server: 'CouchDB/1.5.0 (Erlang OTP/R16B03)',
28 verbose headers   'content-type': 'application/json',
28 verbose headers   'cache-control': 'max-age=0',
28 verbose headers   'content-length': '52',
28 verbose headers   'accept-ranges': 'bytes',
28 verbose headers   via: '1.1 varnish',
28 verbose headers   age: '0',
28 verbose headers   'x-served-by': 'cache-ord1729-ORD',
28 verbose headers   'x-cache': 'MISS',
28 verbose headers   'x-cache-hits': '0',
28 verbose headers   'x-timer': 'S1417596420.479705,VS0,VE31',
28 verbose headers   'keep-alive': 'timeout=10, max=50',
28 verbose headers   connection: 'Keep-Alive' }
29 silly registry.get cb [ 404,
29 silly registry.get   { date: 'Wed, 03 Dec 2014 08:47:00 GMT',
29 silly registry.get     server: 'CouchDB/1.5.0 (Erlang OTP/R16B03)',
29 silly registry.get     'content-type': 'application/json',
29 silly registry.get     'cache-control': 'max-age=0',
29 silly registry.get     'content-length': '52',
29 silly registry.get     'accept-ranges': 'bytes',
29 silly registry.get     via: '1.1 varnish',
29 silly registry.get     age: '0',
29 silly registry.get     'x-served-by': 'cache-ord1729-ORD',
29 silly registry.get     'x-cache': 'MISS',
29 silly registry.get     'x-cache-hits': '0',
29 silly registry.get     'x-timer': 'S1417596420.479705,VS0,VE31',
29 silly registry.get     'keep-alive': 'timeout=10, max=50',
29 silly registry.get     connection: 'Keep-Alive' } ]
30 silly lockFile 6a4fdd63-angularui angularui@
31 silly lockFile 6a4fdd63-angularui angularui@
32 error 404 404 Not Found: angularui
32 error 404
32 error 404 'angularui' is not in the npm registry.
32 error 404 You should bug the author to publish it
32 error 404 It was specified as a dependency of 'ChumpChangeChowChamber'
32 error 404
32 error 404 Note that you can also install from a
32 error 404 tarball, folder, or http url, or git url.
33 error System Linux 3.14.13-c9
34 error command "/home/ubuntu/.nvm/v0.10.33/bin/node" "/home/ubuntu/.nvm/v0.10.33/bin/npm" "install" "angularui" "--save-dev"
35 error cwd /home/ubuntu/workspace
36 error node -v v0.10.33
37 error npm -v 1.4.28
38 error code E404
39 verbose exit [ 1, true ]
